<?xml version="1.0" encoding="UTF-8"?>
<!-- Generated by org.testng.reporters.JUnitXMLReporter -->
<testsuite hostname="DESKTOP-I2SFT6S" ignored="0" name="Command line test" tests="2" failures="0" timestamp="13 Oct 2022 22:20:12 GMT" time="1.04" errors="0">
  <testcase name="@BeforeTest beforeTest" time="0.087" classname="com.holinova.basetest.BaseTest">
    <failure type="java.lang.IllegalStateException" message="The driver executable does not exist: C:\Users\LucyDu\Desktop\Lucy\automationspace\workspace\holinova\target\classes\driver\chromedriver.exe">
      <![CDATA[java.lang.IllegalStateException: The driver executable does not exist: C:\Users\LucyDu\Desktop\Lucy\automationspace\workspace\holinova\target\classes\driver\chromedriver.exe
	at com.google.common.base.Preconditions.checkState(Preconditions.java:585)
	at org.openqa.selenium.remote.service.DriverService.checkExecutable(DriverService.java:146)
	at org.openqa.selenium.remote.service.DriverService.findExecutable(DriverService.java:141)
	at org.openqa.selenium.chrome.ChromeDriverService.access$000(ChromeDriverService.java:35)
	at org.openqa.selenium.chrome.ChromeDriverService$Builder.findDefaultExecutable(ChromeDriverService.java:159)
	at org.openqa.selenium.remote.service.DriverService$Builder.build(DriverService.java:355)
	at org.openqa.selenium.chrome.ChromeDriverService.createDefaultService(ChromeDriverService.java:94)
	at org.openqa.selenium.chrome.ChromeDriver.<init>(ChromeDriver.java:157)
	at com.holinova.basetest.ChromeDriverHandler.startBrowser(ChromeDriverHandler.java:72)
	at com.holinova.basetest.HeadHandler.startBrowser(HeadHandler.java:23)
	at com.holinova.basetest.DriverHandler.start(DriverHandler.java:35)
	at com.holinova.basetest.BaseDriver.startBrowser(BaseDriver.java:99)
	at com.holinova.basetest.BaseTest.beforeTest(BaseTest.java:88)
	at ngtest.RunTestNG.main(RunTestNG.java:20)
... Removed 20 stack frames]]>
    </failure>
  </testcase> <!-- @BeforeTest beforeTest -->
  <testcase name="@BeforeClass beforeClass" time="0.059" classname="com.holinova.basetest.BaseTest">
    <failure type="java.lang.NullPointerException">
      <![CDATA[java.lang.NullPointerException
	at java.util.Objects.requireNonNull(Objects.java:203)
	at org.openqa.selenium.interactions.Actions.<init>(Actions.java:65)
	at com.holinova.basepage.BaseBrowser.<init>(BaseBrowser.java:80)
	at com.holinova.basepage.BasePage.<init>(BasePage.java:46)
	at com.holinova.pageobject.page.LoginPage.<init>(LoginPage.java:39)
	at com.holinova.basetest.BaseTest.beforeClass(BaseTest.java:98)
	at java.util.concurrent.ThreadPoolExecutor.runWorker(ThreadPoolExecutor.java:1149)
	at java.util.concurrent.ThreadPoolExecutor$Worker.run(ThreadPoolExecutor.java:624)
	at java.lang.Thread.run(Thread.java:748)
... Removed 10 stack frames]]>
    </failure>
  </testcase> <!-- @BeforeClass beforeClass -->
  <testcase name="@AfterTest afterTest" time="0.0" classname="com.holinova.basetest.BaseTest">
    <failure type="java.lang.NullPointerException">
      <![CDATA[java.lang.NullPointerException
	at com.holinova.basetest.BaseDriver.closeBrowser(BaseDriver.java:143)
	at com.holinova.basetest.BaseTest.afterTest(BaseTest.java:119)
	at ngtest.RunTestNG.main(RunTestNG.java:20)
... Removed 20 stack frames]]>
    </failure>
  </testcase> <!-- @AfterTest afterTest -->
  <testcase name="testERPBusinessFlow" time="0.0" classname="com.holinova.testcase.ErpSystemTest">
    <skipped/>
  </testcase> <!-- testERPBusinessFlow -->
  <testcase name="testERPBusinessFlow" time="0.0" classname="com.holinova.testcase.ErpSystemTest">
    <skipped/>
  </testcase> <!-- testERPBusinessFlow -->
</testsuite> <!-- Command line test -->
